#
# A fatal error has been detected by the Java Runtime Environment:
#
#  EXCEPTION_ACCESS_VIOLATION (0xc0000005) at pc=0x0000000069ffa5d0, pid=21720, tid=31512
#
# JRE version: Java(TM) SE Runtime Environment (8.0_91-b15) (build 1.8.0_91-b15)
# Java VM: Java HotSpot(TM) 64-Bit Server VM (25.91-b15 mixed mode windows-amd64 compressed oops)
# Problematic frame:
# V  [jvm.dll+0x1aa5d0]
#
# Failed to write core dump. Minidumps are not enabled by default on client versions of Windows
#
# If you would like to submit a bug report, please visit:
#   http://bugreport.java.com/bugreport/crash.jsp
#

---------------  T H R E A D  ---------------

Current thread (0x000000001e982000):  JavaThread "JDWP Transport Listener: dt_socket" daemon [_thread_in_vm, id=31512, stack(0x000000001f570000,0x000000001f670000)]

siginfo: ExceptionCode=0xc0000005, writing address 0x000000005edb21a0

Registers:
RAX=0x00000000239a4ec0, RBX=0x0000000007016400, RCX=0x000000001e98bed0, RDX=0x0000000000000001
RSP=0x000000001f66f250, RBP=0x000000001f66f398, RSI=0x00000007c035a760, RDI=0x0000000000000007
R8 =0x000000001e989c90, R9 =0x0000000000000001, R10=0x0000000000000000, R11=0x00000000239a4ec0
R12=0x0000000026d001a0, R13=0x000000001f66f350, R14=0x000000001f66f398, R15=0x000000000000000e
RIP=0x0000000069ffa5d0, EFLAGS=0x0000000000010202

Top of Stack: (sp=0x000000001f66f250)
0x000000001f66f250:   0000000007016400 000000001f66f398
0x000000001f66f260:   00000007c035a760 000000006bd50c18
0x000000001f66f270:   000000001e982000 000000001e975800
0x000000001f66f280:   000000001e98bde0 000000001e98bdf0
0x000000001f66f290:   000000001e98bec8 00000000000000d8
0x000000001f66f2a0:   000000001f66f670 000000006a0c9c34
0x000000001f66f2b0:   0000000000000000 0000000000000000
0x000000001f66f2c0:   000000001e98bdd8 00000006c9c3b1d8
0x000000001f66f2d0:   000000001e982000 000000006a193093
0x000000001f66f2e0:   000000001f66f398 000000001f66f350
0x000000001f66f2f0:   00000000023eb0d0 000000006bd46c0e
0x000000001f66f300:   000000001e982000 0000000000000000
0x000000001f66f310:   0000000000000000 0000000000000000
0x000000001f66f320:   0000000000000000 000000006bd3551f
0x000000001f66f330:   000000001f66f3e0 0000000000000001
0x000000001f66f340:   00000000211a0f88 000000001f66f410 

Instructions: (pc=0x0000000069ffa5d0)
0x0000000069ffa5b0:   48 8b 8e 80 01 00 00 48 8b 86 a0 01 00 00 48 8b
0x0000000069ffa5c0:   4c f9 08 48 63 5c b8 04 e8 53 1b ef ff 48 ff c7
0x0000000069ffa5d0:   49 89 04 dc 49 3b ff 7c d7 eb 23 45 85 ff 7e 1e
0x0000000069ffa5e0:   48 8b 86 80 01 00 00 48 8b 4c f8 08 e8 2f 1b ef 


Register to memory mapping:

RAX=0x00000000239a4ec0 is an unknown value
RBX=0x0000000007016400 is an unknown value
RCX=0x000000001e98bed0 is an unknown value
RDX=0x0000000000000001 is an unknown value
RSP=0x000000001f66f250 is pointing into the stack for thread: 0x000000001e982000
RBP=0x000000001f66f398 is pointing into the stack for thread: 0x000000001e982000
RSI=0x00000007c035a760 is pointing into metadata
RDI=0x0000000000000007 is an unknown value
R8 =0x000000001e989c90 is an unknown value
R9 =0x0000000000000001 is an unknown value
R10=0x0000000000000000 is an unknown value
R11=0x00000000239a4ec0 is an unknown value
R12=0x0000000026d001a0 is an unknown value
R13=0x000000001f66f350 is pointing into the stack for thread: 0x000000001e982000
R14=0x000000001f66f398 is pointing into the stack for thread: 0x000000001e982000
R15=0x000000000000000e is an unknown value


Stack: [0x000000001f570000,0x000000001f670000],  sp=0x000000001f66f250,  free space=1020k
Native frames: (J=compiled Java code, j=interpreted, Vv=VM code, C=native code)
V  [jvm.dll+0x1aa5d0]
V  [jvm.dll+0x343093]
C  [jdwp.dll+0x551f]
C  [jdwp.dll+0xf0a8]
C  [jdwp.dll+0x1f2d5]
C  [jdwp.dll+0x1f4aa]
V  [jvm.dll+0x1bbf38]
V  [jvm.dll+0x243ae4]
V  [jvm.dll+0x29a99a]
C  [msvcr100.dll+0x21d9f]
C  [msvcr100.dll+0x21e3b]
C  [KERNEL32.DLL+0x8364]
C  [ntdll.dll+0x67091]


---------------  P R O C E S S  ---------------

Java Threads: ( => current thread )
  0x000000002676c000 JavaThread "kafka-coordinator-heartbeat-thread | Acknowledgement-Consumer" daemon [_thread_blocked, id=30948, stack(0x000000002b510000,0x000000002b610000)]
  0x0000000026764000 JavaThread "kafka-coordinator-heartbeat-thread | Acknowledgement-Consumer" daemon [_thread_blocked, id=29912, stack(0x000000002b410000,0x000000002b510000)]
  0x000000002676a000 JavaThread "org.springframework.kafka.KafkaListenerEndpointContainer#2-0-C-1" [_thread_blocked, id=30432, stack(0x000000002b310000,0x000000002b410000)]
  0x0000000026767000 JavaThread "ThreadPoolTaskScheduler-1" [_thread_blocked, id=32288, stack(0x000000002b210000,0x000000002b310000)]
  0x0000000026769800 JavaThread "org.springframework.kafka.KafkaListenerEndpointContainer#1-0-C-1" [_thread_in_native, id=20740, stack(0x000000002b110000,0x000000002b210000)]
  0x0000000026768800 JavaThread "ThreadPoolTaskScheduler-1" [_thread_blocked, id=8776, stack(0x000000002b010000,0x000000002b110000)]
  0x000000002676b000 JavaThread "DestroyJavaVM" [_thread_blocked, id=31412, stack(0x00000000032e0000,0x00000000033e0000)]
  0x00000000266ea800 JavaThread "http-nio-9006-AsyncTimeout" daemon [_thread_blocked, id=21444, stack(0x000000002a010000,0x000000002a110000)]
  0x00000000266e9800 JavaThread "http-nio-9006-Acceptor-0" daemon [_thread_in_native, id=19116, stack(0x0000000029f10000,0x000000002a010000)]
  0x00000000266ef000 JavaThread "pool-7-thread-2" [_thread_blocked, id=32528, stack(0x0000000029e10000,0x0000000029f10000)]
  0x00000000266ee000 JavaThread "http-nio-9006-ClientPoller-1" daemon [_thread_in_native, id=31112, stack(0x0000000029d10000,0x0000000029e10000)]
  0x00000000266ed800 JavaThread "http-nio-9006-ClientPoller-0" daemon [_thread_in_native, id=21224, stack(0x0000000029c10000,0x0000000029d10000)]
  0x00000000266eb000 JavaThread "http-nio-9006-exec-10" daemon [_thread_blocked, id=31756, stack(0x0000000029b10000,0x0000000029c10000)]
  0x00000000266ec800 JavaThread "http-nio-9006-exec-9" daemon [_thread_blocked, id=20940, stack(0x0000000029a10000,0x0000000029b10000)]
  0x00000000266f0800 JavaThread "http-nio-9006-exec-8" daemon [_thread_blocked, id=31688, stack(0x0000000029910000,0x0000000029a10000)]
  0x00000000266ef800 JavaThread "http-nio-9006-exec-7" daemon [_thread_blocked, id=30488, stack(0x0000000029810000,0x0000000029910000)]
  0x00000000266ec000 JavaThread "http-nio-9006-exec-6" daemon [_thread_blocked, id=30128, stack(0x0000000029710000,0x0000000029810000)]
  0x00000000266e2000 JavaThread "http-nio-9006-exec-5" daemon [_thread_blocked, id=26844, stack(0x0000000029610000,0x0000000029710000)]
  0x00000000266e9000 JavaThread "http-nio-9006-exec-4" daemon [_thread_blocked, id=26492, stack(0x0000000029510000,0x0000000029610000)]
  0x00000000266e1800 JavaThread "http-nio-9006-exec-3" daemon [_thread_blocked, id=32732, stack(0x0000000029410000,0x0000000029510000)]
  0x00000000266e8000 JavaThread "http-nio-9006-exec-2" daemon [_thread_blocked, id=31436, stack(0x0000000029310000,0x0000000029410000)]
  0x00000000266e4800 JavaThread "http-nio-9006-exec-1" daemon [_thread_blocked, id=29020, stack(0x0000000029210000,0x0000000029310000)]
  0x00000000266e6800 JavaThread "pool-7-thread-1" [_thread_blocked, id=18224, stack(0x0000000029110000,0x0000000029210000)]
  0x00000000266e6000 JavaThread "NioBlockingSelector.BlockPoller-1" daemon [_thread_in_native, id=23716, stack(0x0000000029010000,0x0000000029110000)]
  0x00000000266e3000 JavaThread "Curator-PathChildrenCache-0" daemon [_thread_blocked, id=10572, stack(0x0000000028410000,0x0000000028510000)]
  0x00000000266e5000 JavaThread "Curator-Framework-0" daemon [_thread_blocked, id=31588, stack(0x0000000028310000,0x0000000028410000)]
  0x0000000023442800 JavaThread "main-EventThread" daemon [_thread_blocked, id=21768, stack(0x0000000028210000,0x0000000028310000)]
  0x0000000023441800 JavaThread "main-SendThread(192.168.113.50:2181)" daemon [_thread_in_native, id=15548, stack(0x0000000028110000,0x0000000028210000)]
  0x0000000023443000 JavaThread "Curator-ConnectionStateManager-0" daemon [_thread_blocked, id=18196, stack(0x0000000028010000,0x0000000028110000)]
  0x0000000023446000 JavaThread "main-EventThread" daemon [_thread_blocked, id=27108, stack(0x0000000027b10000,0x0000000027c10000)]
  0x0000000023440000 JavaThread "main-SendThread(192.168.113.50:2181)" daemon [_thread_in_native, id=26392, stack(0x0000000027a10000,0x0000000027b10000)]
  0x0000000023445800 JavaThread "HikariPool-1 housekeeper" daemon [_thread_blocked, id=28576, stack(0x0000000025e40000,0x0000000025f40000)]
  0x0000000023444000 JavaThread "container-0" [_thread_blocked, id=31264, stack(0x0000000025b40000,0x0000000025c40000)]
  0x0000000023444800 JavaThread "ContainerBackgroundProcessor[StandardEngine[Tomcat]]" daemon [_thread_blocked, id=28636, stack(0x0000000025a40000,0x0000000025b40000)]
  0x0000000023208000 JavaThread "SimplePauseDetectorThread_0" daemon [_thread_blocked, id=1704, stack(0x0000000025540000,0x0000000025640000)]
  0x0000000020642000 JavaThread "Thread-9" daemon [_thread_blocked, id=16780, stack(0x0000000025440000,0x0000000025540000)]
  0x000000002318c000 JavaThread "Abandoned connection cleanup thread" daemon [_thread_blocked, id=25988, stack(0x0000000025340000,0x0000000025440000)]
  0x0000000022f9e000 JavaThread "CleanCursors-1-thread-1" daemon [_thread_blocked, id=32696, stack(0x0000000025040000,0x0000000025140000)]
  0x0000000022f70000 JavaThread "cluster-ClusterId{value='5c78322411318254d887efae', description='null'}-192.168.113.224:27017" daemon [_thread_blocked, id=30312, stack(0x0000000024e40000,0x0000000024f40000)]
  0x00000000213f3800 JavaThread "Statistics Thread-__DEFAULT__-1" daemon [_thread_blocked, id=31568, stack(0x0000000024940000,0x0000000024a40000)]
  0x00000000213f3000 JavaThread "__DEFAULT__" daemon [_thread_blocked, id=29884, stack(0x0000000024840000,0x0000000024940000)]
  0x0000000020643000 JavaThread "RMI TCP Accept-0" daemon [_thread_in_native, id=22332, stack(0x0000000020870000,0x0000000020970000)]
  0x0000000020627800 JavaThread "RMI TCP Accept-57141" daemon [_thread_in_native, id=30300, stack(0x0000000020770000,0x0000000020870000)]
  0x000000001ed3d800 JavaThread "RMI TCP Accept-0" daemon [_thread_in_native, id=26356, stack(0x0000000020670000,0x0000000020770000)]
  0x000000001ea3d000 JavaThread "Service Thread" daemon [_thread_blocked, id=16748, stack(0x000000001fd70000,0x000000001fe70000)]
  0x000000001e9ab800 JavaThread "C1 CompilerThread3" daemon [_thread_blocked, id=14732, stack(0x000000001fc70000,0x000000001fd70000)]
  0x000000001e9a9800 JavaThread "C2 CompilerThread2" daemon [_thread_blocked, id=32064, stack(0x000000001fb70000,0x000000001fc70000)]
  0x000000001e9a9000 JavaThread "C2 CompilerThread1" daemon [_thread_blocked, id=28772, stack(0x000000001f970000,0x000000001fa70000)]
  0x000000001e99f000 JavaThread "C2 CompilerThread0" daemon [_thread_blocked, id=22772, stack(0x000000001f870000,0x000000001f970000)]
  0x000000001e991000 JavaThread "JDWP Command Reader" daemon [_thread_in_native, id=29172, stack(0x000000001f770000,0x000000001f870000)]
  0x000000001e98e000 JavaThread "JDWP Event Helper Thread" daemon [_thread_blocked, id=21780, stack(0x000000001f670000,0x000000001f770000)]
=>0x000000001e982000 JavaThread "JDWP Transport Listener: dt_socket" daemon [_thread_in_vm, id=31512, stack(0x000000001f570000,0x000000001f670000)]
  0x000000001e976000 JavaThread "Attach Listener" daemon [_thread_blocked, id=30704, stack(0x000000001f030000,0x000000001f130000)]
  0x000000001e974000 JavaThread "Signal Dispatcher" daemon [_thread_blocked, id=3644, stack(0x000000001ef30000,0x000000001f030000)]
  0x000000001ca68000 JavaThread "Finalizer" daemon [_thread_blocked, id=29132, stack(0x000000001ed40000,0x000000001ee40000)]
  0x000000001ca61000 JavaThread "Reference Handler" daemon [_thread_blocked, id=24776, stack(0x000000001e840000,0x000000001e940000)]

Other Threads:
  0x000000001ca58800 VMThread [stack: 0x000000001e740000,0x000000001e840000] [id=12488]
  0x0000000020646000 WatcherThread [stack: 0x0000000020970000,0x0000000020a70000] [id=16676]

VM state:not at safepoint (normal execution)

VM Mutex/Monitor currently owned by a thread: None

Heap:
 PSYoungGen      total 777728K, used 231174K [0x000000076db00000, 0x00000007a6200000, 0x00000007c0000000)
  eden space 755712K, 28% used [0x000000076db00000,0x000000077af6b5a8,0x000000079bd00000)
  from space 22016K, 62% used [0x000000079bd00000,0x000000079ca56448,0x000000079d280000)
  to   space 22016K, 0% used [0x00000007a4c80000,0x00000007a4c80000,0x00000007a6200000)
 ParOldGen       total 175616K, used 54131K [0x00000006c9000000, 0x00000006d3b80000, 0x000000076db00000)
  object space 175616K, 30% used [0x00000006c9000000,0x00000006cc4dcf78,0x00000006d3b80000)
 Metaspace       used 77768K, capacity 81492K, committed 81752K, reserved 1120256K
  class space    used 10625K, capacity 11285K, committed 11392K, reserved 1048576K

Card table byte_map: [0x00000000127f0000,0x0000000012fb0000] byte_map_base: 0x000000000f1a8000

Marking Bits: (ParMarkBitMap*) 0x000000006a662f70
 Begin Bits: [0x0000000013ce0000, 0x0000000017aa0000)
 End Bits:   [0x0000000017aa0000, 0x000000001b860000)

Polling page: 0x0000000000c10000

CodeCache: size=245760Kb used=14813Kb max_used=14813Kb free=230946Kb
 bounds [0x0000000003430000, 0x00000000042b0000, 0x0000000012430000]
 total_blobs=8154 nmethods=7435 adapters=638
 compilation: enabled

Compilation events (10 events):
Event: 240.618 Thread 0x000000001e9ab800 7613       1       org.bson.ByteBufNIO::limit (8 bytes)
Event: 240.619 Thread 0x000000001e9ab800 nmethod 7613 0x00000000042a9b50 code [0x00000000042a9ca0, 0x00000000042a9db0]
Event: 240.619 Thread 0x000000001e9ab800 7614       1       org.bson.BsonDouble::getBsonType (4 bytes)
Event: 240.619 Thread 0x000000001e9ab800 nmethod 7614 0x00000000042a9e50 code [0x00000000042a9fa0, 0x00000000042aa0b0]
Event: 250.668 Thread 0x000000001e9ab800 7615       1       java.net.AbstractPlainSocketImpl::getTimeout (5 bytes)
Event: 250.668 Thread 0x000000001e9ab800 nmethod 7615 0x00000000042aa110 code [0x00000000042aa260, 0x00000000042aa370]
Event: 250.668 Thread 0x000000001e9ab800 7616       1       org.bson.AbstractBsonReader::readDouble (22 bytes)
Event: 250.669 Thread 0x000000001e9ab800 nmethod 7616 0x00000000042aa3d0 code [0x00000000042aa560, 0x00000000042aa7d8]
Event: 250.669 Thread 0x000000001e9ab800 7617       1       org.bson.BsonBinaryReader::doReadDouble (10 bytes)
Event: 250.669 Thread 0x000000001e9ab800 nmethod 7617 0x00000000042aa990 code [0x00000000042aab20, 0x00000000042aadc8]

GC Heap History (10 events):
Event: 9.589 GC heap before
{Heap before GC invocations=12 (full 2):
 PSYoungGen      total 395776K, used 380928K [0x000000076db00000, 0x0000000792180000, 0x00000007c0000000)
  eden space 380928K, 100% used [0x000000076db00000,0x0000000784f00000,0x0000000784f00000)
  from space 14848K, 0% used [0x0000000784f00000,0x0000000784f00000,0x0000000785d80000)
  to   space 13824K, 0% used [0x0000000791400000,0x0000000791400000,0x0000000792180000)
 ParOldGen       total 118784K, used 18099K [0x00000006c9000000, 0x00000006d0400000, 0x000000076db00000)
  object space 118784K, 15% used [0x00000006c9000000,0x00000006ca1ace80,0x00000006d0400000)
 Metaspace       used 45951K, capacity 47780K, committed 48128K, reserved 1091584K
  class space    used 6178K, capacity 6555K, committed 6656K, reserved 1048576K
Event: 9.607 GC heap after
Heap after GC invocations=12 (full 2):
 PSYoungGen      total 558080K, used 13808K [0x000000076db00000, 0x0000000792180000, 0x00000007c0000000)
  eden space 544256K, 0% used [0x000000076db00000,0x000000076db00000,0x000000078ee80000)
  from space 13824K, 99% used [0x0000000791400000,0x000000079217c0d0,0x0000000792180000)
  to   space 17920K, 0% used [0x000000078fe80000,0x000000078fe80000,0x0000000791000000)
 ParOldGen       total 118784K, used 24231K [0x00000006c9000000, 0x00000006d0400000, 0x000000076db00000)
  object space 118784K, 20% used [0x00000006c9000000,0x00000006ca7a9c88,0x00000006d0400000)
 Metaspace       used 45951K, capacity 47780K, committed 48128K, reserved 1091584K
  class space    used 6178K, capacity 6555K, committed 6656K, reserved 1048576K
}
Event: 11.449 GC heap before
{Heap before GC invocations=13 (full 2):
 PSYoungGen      total 558080K, used 299081K [0x000000076db00000, 0x0000000792180000, 0x00000007c0000000)
  eden space 544256K, 52% used [0x000000076db00000,0x000000077f196728,0x000000078ee80000)
  from space 13824K, 99% used [0x0000000791400000,0x000000079217c0d0,0x0000000792180000)
  to   space 17920K, 0% used [0x000000078fe80000,0x000000078fe80000,0x0000000791000000)
 ParOldGen       total 118784K, used 24231K [0x00000006c9000000, 0x00000006d0400000, 0x000000076db00000)
  object space 118784K, 20% used [0x00000006c9000000,0x00000006ca7a9c88,0x00000006d0400000)
 Metaspace       used 56704K, capacity 59020K, committed 59096K, reserved 1099776K
  class space    used 7720K, capacity 8181K, committed 8192K, reserved 1048576K
Event: 11.467 GC heap after
Heap after GC invocations=13 (full 2):
 PSYoungGen      total 578560K, used 13637K [0x000000076db00000, 0x000000079e800000, 0x00000007c0000000)
  eden space 560640K, 0% used [0x000000076db00000,0x000000076db00000,0x000000078fe80000)
  from space 17920K, 76% used [0x000000078fe80000,0x0000000790bd17a8,0x0000000791000000)
  to   space 18432K, 0% used [0x000000079d600000,0x000000079d600000,0x000000079e800000)
 ParOldGen       total 118784K, used 35930K [0x00000006c9000000, 0x00000006d0400000, 0x000000076db00000)
  object space 118784K, 30% used [0x00000006c9000000,0x00000006cb316bd8,0x00000006d0400000)
 Metaspace       used 56704K, capacity 59020K, committed 59096K, reserved 1099776K
  class space    used 7720K, capacity 8181K, committed 8192K, reserved 1048576K
}
Event: 11.467 GC heap before
{Heap before GC invocations=14 (full 3):
 PSYoungGen      total 578560K, used 13637K [0x000000076db00000, 0x000000079e800000, 0x00000007c0000000)
  eden space 560640K, 0% used [0x000000076db00000,0x000000076db00000,0x000000078fe80000)
  from space 17920K, 76% used [0x000000078fe80000,0x0000000790bd17a8,0x0000000791000000)
  to   space 18432K, 0% used [0x000000079d600000,0x000000079d600000,0x000000079e800000)
 ParOldGen       total 118784K, used 35930K [0x00000006c9000000, 0x00000006d0400000, 0x000000076db00000)
  object space 118784K, 30% used [0x00000006c9000000,0x00000006cb316bd8,0x00000006d0400000)
 Metaspace       used 56704K, capacity 59020K, committed 59096K, reserved 1099776K
  class space    used 7720K, capacity 8181K, committed 8192K, reserved 1048576K
Event: 11.753 GC heap after
Heap after GC invocations=14 (full 3):
 PSYoungGen      total 578560K, used 0K [0x000000076db00000, 0x000000079e800000, 0x00000007c0000000)
  eden space 560640K, 0% used [0x000000076db00000,0x000000076db00000,0x000000078fe80000)
  from space 17920K, 0% used [0x000000078fe80000,0x000000078fe80000,0x0000000791000000)
  to   space 18432K, 0% used [0x000000079d600000,0x000000079d600000,0x000000079e800000)
 ParOldGen       total 175616K, used 41332K [0x00000006c9000000, 0x00000006d3b80000, 0x000000076db00000)
  object space 175616K, 23% used [0x00000006c9000000,0x00000006cb85d010,0x00000006d3b80000)
 Metaspace       used 56704K, capacity 59020K, committed 59096K, reserved 1099776K
  class space    used 7720K, capacity 8181K, committed 8192K, reserved 1048576K
}
Event: 16.028 GC heap before
{Heap before GC invocations=15 (full 3):
 PSYoungGen      total 578560K, used 560640K [0x000000076db00000, 0x000000079e800000, 0x00000007c0000000)
  eden space 560640K, 100% used [0x000000076db00000,0x000000078fe80000,0x000000078fe80000)
  from space 17920K, 0% used [0x000000078fe80000,0x000000078fe80000,0x0000000791000000)
  to   space 18432K, 0% used [0x000000079d600000,0x000000079d600000,0x000000079e800000)
 ParOldGen       total 175616K, used 41332K [0x00000006c9000000, 0x00000006d3b80000, 0x000000076db00000)
  object space 175616K, 23% used [0x00000006c9000000,0x00000006cb85d010,0x00000006d3b80000)
 Metaspace       used 68600K, capacity 71696K, committed 71896K, reserved 1112064K
  class space    used 9408K, capacity 9963K, committed 9984K, reserved 1048576K
Event: 16.055 GC heap after
Heap after GC invocations=15 (full 3):
 PSYoungGen      total 732672K, used 18412K [0x000000076db00000, 0x000000079e800000, 0x00000007c0000000)
  eden space 714240K, 0% used [0x000000076db00000,0x000000076db00000,0x0000000799480000)
  from space 18432K, 99% used [0x000000079d600000,0x000000079e7fb0b8,0x000000079e800000)
  to   space 22016K, 0% used [0x000000079bd00000,0x000000079bd00000,0x000000079d280000)
 ParOldGen       total 175616K, used 44509K [0x00000006c9000000, 0x00000006d3b80000, 0x000000076db00000)
  object space 175616K, 25% used [0x00000006c9000000,0x00000006cbb77468,0x00000006d3b80000)
 Metaspace       used 68600K, capacity 71696K, committed 71896K, reserved 1112064K
  class space    used 9408K, capacity 9963K, committed 9984K, reserved 1048576K
}
Event: 71.982 GC heap before
{Heap before GC invocations=16 (full 3):
 PSYoungGen      total 732672K, used 732652K [0x000000076db00000, 0x000000079e800000, 0x00000007c0000000)
  eden space 714240K, 100% used [0x000000076db00000,0x0000000799480000,0x0000000799480000)
  from space 18432K, 99% used [0x000000079d600000,0x000000079e7fb0b8,0x000000079e800000)
  to   space 22016K, 0% used [0x000000079bd00000,0x000000079bd00000,0x000000079d280000)
 ParOldGen       total 175616K, used 44509K [0x00000006c9000000, 0x00000006d3b80000, 0x000000076db00000)
  object space 175616K, 25% used [0x00000006c9000000,0x00000006cbb77468,0x00000006d3b80000)
 Metaspace       used 77716K, capacity 81422K, committed 81752K, reserved 1120256K
  class space    used 10622K, capacity 11284K, committed 11392K, reserved 1048576K
Event: 72.021 GC heap after
Heap after GC invocations=16 (full 3):
 PSYoungGen      total 777728K, used 13657K [0x000000076db00000, 0x00000007a6200000, 0x00000007c0000000)
  eden space 755712K, 0% used [0x000000076db00000,0x000000076db00000,0x000000079bd00000)
  from space 22016K, 62% used [0x000000079bd00000,0x000000079ca56448,0x000000079d280000)
  to   space 22016K, 0% used [0x00000007a4c80000,0x00000007a4c80000,0x00000007a6200000)
 ParOldGen       total 175616K, used 54131K [0x00000006c9000000, 0x00000006d3b80000, 0x000000076db00000)
  object space 175616K, 30% used [0x00000006c9000000,0x00000006cc4dcf78,0x00000006d3b80000)
 Metaspace       used 77716K, capacity 81422K, committed 81752K, reserved 1120256K
  class space    used 10622K, capacity 11284K, committed 11392K, reserved 1048576K
}

Deoptimization events (0 events):
No events

Internal exceptions (10 events):
Event: 71.634 Thread 0x000000002676a000 Exception <a 'java/lang/ClassNotFoundException': com/yodlee/iae/health/persistance/group/AgentMetadataCustomizer> (0x0000000782c4b230) thrown at [C:\re\workspace\8-2-build-windows-amd64-cygwin\jdk8u91\7017\hotspot\src\share\vm\classfile\systemDictionary.cp
Event: 71.634 Thread 0x000000002676a000 Exception <a 'java/lang/ArrayIndexOutOfBoundsException'> (0x0000000782c4f638) thrown at [C:\re\workspace\8-2-build-windows-amd64-cygwin\jdk8u91\7017\hotspot\src\share\vm\runtime\sharedRuntime.cpp, line 605]
Event: 71.636 Thread 0x000000002676a000 Exception <a 'java/lang/ArrayIndexOutOfBoundsException'> (0x0000000782c5b050) thrown at [C:\re\workspace\8-2-build-windows-amd64-cygwin\jdk8u91\7017\hotspot\src\share\vm\runtime\sharedRuntime.cpp, line 605]
Event: 71.637 Thread 0x000000002676a000 Exception <a 'java/lang/ArrayIndexOutOfBoundsException'> (0x0000000782c66038) thrown at [C:\re\workspace\8-2-build-windows-amd64-cygwin\jdk8u91\7017\hotspot\src\share\vm\runtime\sharedRuntime.cpp, line 605]
Event: 71.637 Thread 0x000000002676a000 Exception <a 'java/lang/ArrayIndexOutOfBoundsException'> (0x0000000782c68418) thrown at [C:\re\workspace\8-2-build-windows-amd64-cygwin\jdk8u91\7017\hotspot\src\share\vm\runtime\sharedRuntime.cpp, line 605]
Event: 71.639 Thread 0x000000002676a000 Exception <a 'java/lang/ArrayIndexOutOfBoundsException'> (0x0000000782c87240) thrown at [C:\re\workspace\8-2-build-windows-amd64-cygwin\jdk8u91\7017\hotspot\src\share\vm\runtime\sharedRuntime.cpp, line 605]
Event: 71.640 Thread 0x000000002676a000 Exception <a 'java/lang/ArrayIndexOutOfBoundsException'> (0x0000000782c93eb0) thrown at [C:\re\workspace\8-2-build-windows-amd64-cygwin\jdk8u91\7017\hotspot\src\share\vm\runtime\sharedRuntime.cpp, line 605]
Event: 71.640 Thread 0x000000002676a000 Exception <a 'java/lang/ArrayIndexOutOfBoundsException'> (0x0000000782c9d080) thrown at [C:\re\workspace\8-2-build-windows-amd64-cygwin\jdk8u91\7017\hotspot\src\share\vm\runtime\sharedRuntime.cpp, line 605]
Event: 71.734 Thread 0x000000002676a000 Exception <a 'java/lang/ClassNotFoundException': java/lang/ObjectCustomizer> (0x000000078337a2c8) thrown at [C:\re\workspace\8-2-build-windows-amd64-cygwin\jdk8u91\7017\hotspot\src\share\vm\classfile\systemDictionary.cpp, line 210]
Event: 71.736 Thread 0x000000002676a000 Exception <a 'java/lang/ClassNotFoundException': com/yodlee/iae/health/repository/AgentMetadataRepository$AgentNameCustomizer> (0x00000007833d1ac0) thrown at [C:\re\workspace\8-2-build-windows-amd64-cygwin\jdk8u91\7017\hotspot\src\share\vm\classfile\systemóJ$êËQ@

Events (10 events):
Event: 226.876 Thread 0x0000000026765800 Thread exited: 0x0000000026765800
Event: 226.876 Thread 0x000000002676c800 Thread exited: 0x000000002676c800
Event: 256.876 Thread 0x000000002676c800 Thread added: 0x000000002676c800
Event: 256.876 Thread 0x0000000026765800 Thread added: 0x0000000026765800
Event: 256.876 Thread 0x000000002676d800 Thread added: 0x000000002676d800
Event: 256.876 Thread 0x000000002676c800 Thread exited: 0x000000002676c800
Event: 256.876 Thread 0x0000000026765800 Thread exited: 0x0000000026765800
Event: 256.876 Thread 0x000000002676d800 Thread exited: 0x000000002676d800
Event: 260.347 Executing VM operation: RedefineClasses
Event: 260.395 Executing VM operation: RedefineClasses done


Dynamic libraries:
0x00007ff6353d0000 - 0x00007ff635407000 	C:\Program Files\Java\jdk1.8.0_91\bin\javaw.exe
0x00007fff1b460000 - 0x00007fff1b632000 	C:\WINDOWS\SYSTEM32\ntdll.dll
0x00007fff19dc0000 - 0x00007fff19e6c000 	C:\WINDOWS\System32\KERNEL32.DLL
0x00007fff17ea0000 - 0x00007fff180bd000 	C:\WINDOWS\System32\KERNELBASE.dll
0x00007fff19880000 - 0x00007fff19922000 	C:\WINDOWS\System32\ADVAPI32.dll
0x00007fff189f0000 - 0x00007fff18a8e000 	C:\WINDOWS\System32\msvcrt.dll
0x00007fff19820000 - 0x00007fff19879000 	C:\WINDOWS\System32\sechost.dll
0x00007fff19ba0000 - 0x00007fff19cc1000 	C:\WINDOWS\System32\RPCRT4.dll
0x00007fff19930000 - 0x00007fff19a95000 	C:\WINDOWS\System32\USER32.dll
0x00007fff17e10000 - 0x00007fff17e2e000 	C:\WINDOWS\System32\win32u.dll
0x00007fff197e0000 - 0x00007fff19814000 	C:\WINDOWS\System32\GDI32.dll
0x00007fff17a10000 - 0x00007fff17b90000 	C:\WINDOWS\System32\gdi32full.dll
0x00007fff168f0000 - 0x00007fff16b6a000 	C:\WINDOWS\WinSxS\amd64_microsoft.windows.common-controls_6595b64144ccf1df_6.0.14393.953_none_42151e83c686086b\COMCTL32.dll
0x00007fff18e70000 - 0x00007fff19138000 	C:\WINDOWS\System32\combase.dll
0x00007fff180c0000 - 0x00007fff181b5000 	C:\WINDOWS\System32\ucrtbase.dll
0x00007fff17e30000 - 0x00007fff17e9a000 	C:\WINDOWS\System32\bcryptPrimitives.dll
0x00007fff19d90000 - 0x00007fff19dbe000 	C:\WINDOWS\System32\IMM32.DLL
0x00007ffedf550000 - 0x00007ffedfbe5000 	C:\Program Files\McAfee\DLP\Agent\fcagpph64.dll
0x00007fff19f50000 - 0x00007fff1b459000 	C:\WINDOWS\System32\SHELL32.dll
0x00007fff179c0000 - 0x00007fff17a02000 	C:\WINDOWS\System32\cfgmgr32.dll
0x00007fff18310000 - 0x00007fff189e9000 	C:\WINDOWS\System32\windows.storage.dll
0x00007fff17910000 - 0x00007fff1795c000 	C:\WINDOWS\System32\powrprof.dll
0x00007fff12f20000 - 0x00007fff12fa6000 	C:\WINDOWS\SYSTEM32\WINSPOOL.DRV
0x00007fff19140000 - 0x00007fff19192000 	C:\WINDOWS\System32\shlwapi.dll
0x00007fff17900000 - 0x00007fff1790f000 	C:\WINDOWS\System32\kernel.appcore.dll
0x00007fff181c0000 - 0x00007fff18269000 	C:\WINDOWS\System32\shcore.dll
0x00007fff178d0000 - 0x00007fff178e4000 	C:\WINDOWS\System32\profapi.dll
0x00007fff191a0000 - 0x00007fff192d8000 	C:\WINDOWS\System32\ole32.dll
0x00007fff18e60000 - 0x00007fff18e68000 	C:\WINDOWS\System32\PSAPI.DLL
0x00007fff19cd0000 - 0x00007fff19d8f000 	C:\WINDOWS\System32\OLEAUT32.dll
0x00007fff174b0000 - 0x00007fff174db000 	C:\WINDOWS\SYSTEM32\bcrypt.dll
0x00007fff18270000 - 0x00007fff1830c000 	C:\WINDOWS\System32\msvcp_win.dll
0x00007fff0e1d0000 - 0x00007fff0e1da000 	C:\WINDOWS\SYSTEM32\VERSION.dll
0x00007fff162f0000 - 0x00007fff16322000 	C:\WINDOWS\SYSTEM32\ntmarta.dll
0x00007ffedcdb0000 - 0x00007ffedd222000 	C:\Program Files\McAfee\DLP\Agent\fcagafa64.dll
0x00007fff0cc50000 - 0x00007fff0ccfc000 	C:\WINDOWS\system32\tmumh\20019\AddOn\7.0.0.1160\TmUmEvt64.dll
0x000000006ec50000 - 0x000000006ed6d000 	C:\WINDOWS\system32\tmumh\20019\TmMon\2.5.0.2081\tmmon64.dll
0x000000006bd70000 - 0x000000006be42000 	C:\Program Files\Java\jdk1.8.0_91\jre\bin\msvcr100.dll
0x0000000069e50000 - 0x000000006a6e3000 	C:\Program Files\Java\jdk1.8.0_91\jre\bin\server\jvm.dll
0x00007fff03d10000 - 0x00007fff03d19000 	C:\WINDOWS\SYSTEM32\WSOCK32.dll
0x00007fff19770000 - 0x00007fff197da000 	C:\WINDOWS\System32\WS2_32.dll
0x00007fff15a30000 - 0x00007fff15a53000 	C:\WINDOWS\SYSTEM32\WINMM.dll
0x00007fff15a00000 - 0x00007fff15a2b000 	C:\WINDOWS\SYSTEM32\WINMMBASE.dll
0x0000000069e40000 - 0x0000000069e4f000 	C:\Program Files\Java\jdk1.8.0_91\jre\bin\verify.dll
0x0000000069e10000 - 0x0000000069e39000 	C:\Program Files\Java\jdk1.8.0_91\jre\bin\java.dll
0x000000006bd30000 - 0x000000006bd65000 	C:\Program Files\Java\jdk1.8.0_91\jre\bin\jdwp.dll
0x000000006bd20000 - 0x000000006bd28000 	C:\Program Files\Java\jdk1.8.0_91\jre\bin\npt.dll
0x0000000069dc0000 - 0x0000000069dd6000 	C:\Program Files\Java\jdk1.8.0_91\jre\bin\zip.dll
0x000000006bd10000 - 0x000000006bd19000 	C:\Program Files\Java\jdk1.8.0_91\jre\bin\dt_socket.dll
0x00007ffefd5a0000 - 0x00007ffefd5b6000 	C:\WINDOWS\system32\napinsp.dll
0x00007ffefd520000 - 0x00007ffefd53a000 	C:\WINDOWS\system32\pnrpnsp.dll
0x00007fff15740000 - 0x00007fff15758000 	C:\WINDOWS\system32\NLAapi.dll
0x00007fff17200000 - 0x00007fff1725c000 	C:\WINDOWS\System32\mswsock.dll
0x00007fff16fc0000 - 0x00007fff17061000 	C:\WINDOWS\SYSTEM32\DNSAPI.dll
0x0000000000c50000 - 0x0000000000c58000 	C:\WINDOWS\System32\NSI.dll
0x00007fff16f80000 - 0x00007fff16fb8000 	C:\WINDOWS\SYSTEM32\IPHLPAPI.DLL
0x00007ffeff850000 - 0x00007ffeff85e000 	C:\WINDOWS\System32\winrnr.dll
0x00007ffefd500000 - 0x00007ffefd515000 	C:\WINDOWS\System32\wshbth.dll
0x00007fff15640000 - 0x00007fff156aa000 	C:\WINDOWS\System32\fwpuclnt.dll
0x00007fff11650000 - 0x00007fff1165a000 	C:\Windows\System32\rasadhlp.dll
0x0000000069b90000 - 0x0000000069b9d000 	C:\Program Files\Java\jdk1.8.0_91\jre\bin\management.dll
0x0000000069da0000 - 0x0000000069dba000 	C:\Program Files\Java\jdk1.8.0_91\jre\bin\net.dll
0x0000000069d80000 - 0x0000000069d91000 	C:\Program Files\Java\jdk1.8.0_91\jre\bin\nio.dll
0x00007fff173a0000 - 0x00007fff173b7000 	C:\WINDOWS\SYSTEM32\CRYPTSP.dll
0x00007fff16e10000 - 0x00007fff16e43000 	C:\WINDOWS\system32\rsaenh.dll
0x00007fff17080000 - 0x00007fff1709f000 	C:\WINDOWS\SYSTEM32\USERENV.dll
0x00007fff173c0000 - 0x00007fff173cb000 	C:\WINDOWS\SYSTEM32\CRYPTBASE.dll
0x00007fff13910000 - 0x00007fff13926000 	C:\WINDOWS\SYSTEM32\dhcpcsvc6.DLL
0x00007fff138d0000 - 0x00007fff138ea000 	C:\WINDOWS\SYSTEM32\dhcpcsvc.DLL
0x0000000069ba0000 - 0x0000000069bc4000 	C:\Program Files\Java\jdk1.8.0_91\jre\bin\sunec.dll
0x00007fff07b40000 - 0x00007fff07cd2000 	C:\WINDOWS\SYSTEM32\dbghelp.dll

VM Arguments:
jvm_args: -agentlib:jdwp=transport=dt_socket,suspend=y,address=localhost:57146 -Dcom.sun.management.jmxremote -Dcom.sun.management.jmxremote.port=57141 -Dcom.sun.management.jmxremote.authenticate=false -Dcom.sun.management.jmxremote.ssl=false -Djava.rmi.server.hostname=localhost -Dspring.liveBeansView.mbeanDomain -Dspring.application.admin.enabled=true -Xverify:none -XX:TieredStopAtLevel=1 -Dfile.encoding=UTF-8 
java_command: com.yodlee.health.errorsegment.app.RtdaApp --spring.output.ansi.enabled=always
java_class_path (initial): C:\Program Files\Java\jdk1.8.0_91\jre\lib\resources.jar;C:\Program Files\Java\jdk1.8.0_91\jre\lib\rt.jar;C:\Program Files\Java\jdk1.8.0_91\jre\lib\jsse.jar;C:\Program Files\Java\jdk1.8.0_91\jre\lib\jce.jar;C:\Program Files\Java\jdk1.8.0_91\jre\lib\charsets.jar;C:\Program Files\Java\jdk1.8.0_91\jre\lib\jfr.jar;C:\Program Files\Java\jdk1.8.0_91\jre\lib\ext\access-bridge-64.jar;C:\Program Files\Java\jdk1.8.0_91\jre\lib\ext\cldrdata.jar;C:\Program Files\Java\jdk1.8.0_91\jre\lib\ext\dnsns.jar;C:\Program Files\Java\jdk1.8.0_91\jre\lib\ext\jaccess.jar;C:\Program Files\Java\jdk1.8.0_91\jre\lib\ext\jfxrt.jar;C:\Program Files\Java\jdk1.8.0_91\jre\lib\ext\localedata.jar;C:\Program Files\Java\jdk1.8.0_91\jre\lib\ext\nashorn.jar;C:\Program Files\Java\jdk1.8.0_91\jre\lib\ext\ojdbc14.jar;C:\Program Files\Java\jdk1.8.0_91\jre\lib\ext\sunec.jar;C:\Program Files\Java\jdk1.8.0_91\jre\lib\ext\sunjce_provider.jar;C:\Program Files\Java\jdk1.8.0_91\jre\lib\ext\sunmscapi.jar;C:\Program Files\Java\jdk1.8.0_91\jre\lib\ext\sunpkcs11.jar;C:\Program Files\Java\jdk1.8.0_91\jre\lib\ext\zipfs.jar;D:\Perforce\razor\datachef\presr\development\Error-Segment-Beta-Prod\webapp\target\classes;C:\Users\akumar23\.m2\repository\com\thoughtworks\xstream\xstream\1.4.7\xstream-1.4.7.jar;C:\Users\akumar23\.m2\repository\xmlpull\xmlpull\1.1.3.1\xmlpull-1.1.3.1.jar;C:\Users\akumar23\.m2\repository\xpp3\xpp3_min\1.1.4c\xpp3_min-1.1.4c.jar;D:\Perforce\razor\datachef\presr\development\Error-Segment-Beta-Prod\rest-services\target\classes;D:\Perforce\razor\datachef\presr\development\Error-Segment-Beta-Prod\business-services\forecast-service\target\classes;D:\Perforce\razor\datachef\presr\development\Error-Segment-Beta-Prod\business-services\jnanalysis-service\target\classes;D:\Perforce\razor\datachef\presr\development\Error-Segment-Beta-Prod\business-services\error-segment-service\target\classes;C:\Users\akumar23\.m2\repository\commons-lang\commons-lang\2.6\commons-lang-2.6.jar;C:\Users\ak
Launcher Type: SUN_STANDARD

Environment Variables:
JRE_HOME=C:\Program Files\Java\jre1.8.0_91
PATH=C:\Program Files\Java\jdk1.8.0_91\jre\bin;C:/Program Files/Java/jdk1.8.0_91/bin/../jre/bin/server;C:/Program Files/Java/jdk1.8.0_91/bin/../jre/bin;C:/Program Files/Java/jdk1.8.0_91/bin/../jre/lib/amd64;C:\Program Files\Docker\Docker\Resources\bin;D:\apache-opennlp-1.8.2\bin;C:\Users\akumar23\Desktop\Tesseract-OCR;C:\Program Files (x86)\Tesseract-OCR;C:\Program Files\MongoDB\Server\3.5\bin;C:\Program Files\Java\jdk1.8.0_91\bin;C:\Users\akumar23\AppData\Local\Programs\Python\Python36-32;C:\Users\akumar23\Downloads\apache-maven-3.5.2\bin;C:\Users\akumar23\Downloads\wildfly-9.0.2.Final\bin;C:\Program Files (x86)\Graphviz2.38\bin;C:\Program Files\nodejs\;C:\Program Files\Apache Software Foundation\Tomcat 8.5\bin;C:\Program Files\Git\cmd;C:\WINDOWS\system32;C:\Users\akumar23\AppData\Local\Microsoft\WindowsApps;C:\Users\akumar23\AppData\Roaming\npm;C:\Users\akumar23\AppData\Local\Programs\Microsoft VS Code\bin;D:\sts-bundle\sts-3.9.1.RELEASE;
USERNAME=akumar23
OS=Windows_NT
PROCESSOR_IDENTIFIER=Intel64 Family 6 Model 94 Stepping 3, GenuineIntel



---------------  S Y S T E M  ---------------

OS: Windows 10.0 , 64 bit Build 14393 (10.0.14393.2189)

CPU:total 8 (4 cores per cpu, 2 threads per core) family 6 model 94 stepping 3, cmov, cx8, fxsr, mmx, sse, sse2, sse3, ssse3, sse4.1, sse4.2, popcnt, avx, avx2, aes, clmul, erms, rtm, 3dnowpref, lzcnt, ht, tsc, tscinvbit, bmi1, bmi2, adx

Memory: 4k page, physical 16183936k(4322464k free), swap 38204032k(13876096k free)

vm_info: Java HotSpot(TM) 64-Bit Server VM (25.91-b15) for windows-amd64 JRE (1.8.0_91-b15), built on May 20 2016 17:43:15 by "java_re" with MS VC++ 10.0 (VS2010)

time: Thu Feb 28 11:14:40 2019
elapsed time: 260 seconds (0d 0h 4m 20s)

