#
# A fatal error has been detected by the Java Runtime Environment:
#
#  EXCEPTION_ACCESS_VIOLATION (0xc0000005) at pc=0x0000000069f78f45, pid=30240, tid=18296
#
# JRE version: Java(TM) SE Runtime Environment (8.0_91-b15) (build 1.8.0_91-b15)
# Java VM: Java HotSpot(TM) 64-Bit Server VM (25.91-b15 mixed mode windows-amd64 compressed oops)
# Problematic frame:
# V  [jvm.dll+0x128f45]
#
# Failed to write core dump. Minidumps are not enabled by default on client versions of Windows
#
# If you would like to submit a bug report, please visit:
#   http://bugreport.java.com/bugreport/crash.jsp
#

---------------  T H R E A D  ---------------

Current thread (0x000000001eaf1800):  JavaThread "JDWP Transport Listener: dt_socket" daemon [_thread_in_vm, id=18296, stack(0x000000001f5d0000,0x000000001f6d0000)]

siginfo: ExceptionCode=0xc0000005, reading address 0xffffffffffffffff

Registers:
RAX=0x000000001f6cf001, RBX=0x000000001eaf1800, RCX=0x61726168432f676e, RDX=0x0000000000000000
RSP=0x000000001f6cf050, RBP=0x61726168432f676e, RSI=0x000000001f6cf168, RDI=0x000000000249b0d0
R8 =0x000000001eaf1800, R9 =0x0000000000008000, R10=0x0000000000000000, R11=0x000000001f6cf2a1
R12=0x0000000000000000, R13=0x000000001eae79b8, R14=0x0000000000000000, R15=0x0000000000000000
RIP=0x0000000069f78f45, EFLAGS=0x0000000000010202

Top of Stack: (sp=0x000000001f6cf050)
0x000000001f6cf050:   000000001eaf1800 000000001eaf1800
0x000000001f6cf060:   000000001f6cf118 000000006a17f32b
0x000000001f6cf070:   000000001eaf1800 000000006a19bb8d
0x000000001f6cf080:   0000000000000000 000000006bd49155
0x000000001f6cf090:   000000002338c1c0 000000006bd5291e
0x000000001f6cf0a0:   000000001eaf1800 0000000000000000
0x000000001f6cf0b0:   0000000000000000 0000000000000000
0x000000001f6cf0c0:   61726168432f676e 000000006bd51a15
0x000000001f6cf0d0:   000000001f6cf168 000000001f6cf140
0x000000001f6cf0e0:   0000000000000001 000000002338c1c0
0x000000001f6cf0f0:   61726168432f676e 000000006bd353b3
0x000000001f6cf100:   000000001f6cf230 0000000000000001
0x000000001f6cf110:   0000000000000001 000000002338c1c0
0x000000001f6cf120:   0000000000000001 0000000000000000
0x000000001f6cf130:   0000000000000000 0000000000000000
0x000000001f6cf140:   0000000000000001 000000006bd35571 

Instructions: (pc=0x0000000069f78f45)
0x0000000069f78f25:   cc cc cc cc cc cc cc cc cc cc cc 48 83 ec 28 48
0x0000000069f78f35:   85 c9 75 07 33 c0 48 83 c4 28 c3 48 89 5c 24 20
0x0000000069f78f45:   48 8b 19 48 85 db 74 20 48 83 fb 37 74 1a 48 8b
0x0000000069f78f55:   13 48 8b cb ff 52 10 84 c0 74 0d 48 8b c3 48 8b 


Register to memory mapping:

RAX=0x000000001f6cf001 is pointing into the stack for thread: 0x000000001eaf1800
RBX=0x000000001eaf1800 is a thread
RCX=0x61726168432f676e is an unknown value
RDX=0x0000000000000000 is an unknown value
RSP=0x000000001f6cf050 is pointing into the stack for thread: 0x000000001eaf1800
RBP=0x61726168432f676e is an unknown value
RSI=0x000000001f6cf168 is pointing into the stack for thread: 0x000000001eaf1800
RDI=0x000000000249b0d0 is an unknown value
R8 =0x000000001eaf1800 is a thread
R9 =0x0000000000008000 is an unknown value
R10=0x0000000000000000 is an unknown value
R11=0x000000001f6cf2a1 is pointing into the stack for thread: 0x000000001eaf1800
R12=0x0000000000000000 is an unknown value
R13=0x000000001eae79b8 is an unknown value
R14=0x0000000000000000 is an unknown value
R15=0x0000000000000000 is an unknown value


Stack: [0x000000001f5d0000,0x000000001f6d0000],  sp=0x000000001f6cf050,  free space=1020k
Native frames: (J=compiled Java code, j=interpreted, Vv=VM code, C=native code)
V  [jvm.dll+0x128f45]
V  [jvm.dll+0x34bb8d]
C  [jdwp.dll+0x21a15]
C  [jdwp.dll+0x53b3]
C  [jdwp.dll+0x5571]
C  [jdwp.dll+0xf0a8]
C  [jdwp.dll+0x1f2d5]
C  [jdwp.dll+0x1f4aa]
V  [jvm.dll+0x1bbf38]
V  [jvm.dll+0x243ae4]
V  [jvm.dll+0x29a99a]
C  [msvcr100.dll+0x21d9f]
C  [msvcr100.dll+0x21e3b]
C  [KERNEL32.DLL+0x8364]
C  [ntdll.dll+0x67091]


---------------  P R O C E S S  ---------------

Java Threads: ( => current thread )
  0x0000000026a8c000 JavaThread "kafka-coordinator-heartbeat-thread | Acknowledgement-Consumer" daemon [_thread_blocked, id=20168, stack(0x000000002b570000,0x000000002b670000)]
  0x0000000026a8b000 JavaThread "org.springframework.kafka.KafkaListenerEndpointContainer#2-0-C-1" [_thread_blocked, id=9716, stack(0x000000002b470000,0x000000002b570000)]
  0x0000000026a8a000 JavaThread "ThreadPoolTaskScheduler-1" [_thread_blocked, id=17224, stack(0x000000002b370000,0x000000002b470000)]
  0x0000000026a88800 JavaThread "kafka-coordinator-heartbeat-thread | Acknowledgement-Consumer" daemon [_thread_blocked, id=18668, stack(0x000000002b270000,0x000000002b370000)]
  0x0000000026a86800 JavaThread "org.springframework.kafka.KafkaListenerEndpointContainer#1-0-C-1" [_thread_in_native, id=29536, stack(0x000000002b170000,0x000000002b270000)]
  0x0000000026a88000 JavaThread "ThreadPoolTaskScheduler-1" [_thread_blocked, id=24792, stack(0x000000002b070000,0x000000002b170000)]
  0x0000000026a89800 JavaThread "DestroyJavaVM" [_thread_blocked, id=30788, stack(0x0000000003390000,0x0000000003490000)]
  0x000000002689e000 JavaThread "http-nio-9006-AsyncTimeout" daemon [_thread_blocked, id=13860, stack(0x000000002a070000,0x000000002a170000)]
  0x000000002689d000 JavaThread "http-nio-9006-Acceptor-0" daemon [_thread_in_native, id=30772, stack(0x0000000029f70000,0x000000002a070000)]
  0x000000002689e800 JavaThread "pool-7-thread-2" [_thread_blocked, id=28948, stack(0x0000000029e70000,0x0000000029f70000)]
  0x000000002689c800 JavaThread "http-nio-9006-ClientPoller-1" daemon [_thread_in_native, id=25440, stack(0x0000000029d70000,0x0000000029e70000)]
  0x000000002689b800 JavaThread "http-nio-9006-ClientPoller-0" daemon [_thread_in_native, id=9668, stack(0x0000000029c70000,0x0000000029d70000)]
  0x000000002689b000 JavaThread "http-nio-9006-exec-10" daemon [_thread_blocked, id=32408, stack(0x0000000029b70000,0x0000000029c70000)]
  0x000000002689f800 JavaThread "http-nio-9006-exec-9" daemon [_thread_blocked, id=29232, stack(0x0000000029a70000,0x0000000029b70000)]
  0x000000002689a000 JavaThread "http-nio-9006-exec-8" daemon [_thread_blocked, id=20724, stack(0x0000000029970000,0x0000000029a70000)]
  0x0000000026899800 JavaThread "http-nio-9006-exec-7" daemon [_thread_blocked, id=30376, stack(0x0000000029870000,0x0000000029970000)]
  0x0000000026891000 JavaThread "http-nio-9006-exec-6" daemon [_thread_blocked, id=32072, stack(0x0000000029770000,0x0000000029870000)]
  0x0000000026898000 JavaThread "http-nio-9006-exec-5" daemon [_thread_blocked, id=8648, stack(0x0000000029670000,0x0000000029770000)]
  0x0000000026895000 JavaThread "http-nio-9006-exec-4" daemon [_thread_blocked, id=29692, stack(0x0000000029570000,0x0000000029670000)]
  0x0000000026890800 JavaThread "http-nio-9006-exec-3" daemon [_thread_blocked, id=18948, stack(0x0000000029470000,0x0000000029570000)]
  0x0000000026894000 JavaThread "http-nio-9006-exec-2" daemon [_thread_blocked, id=30732, stack(0x0000000029370000,0x0000000029470000)]
  0x0000000026893800 JavaThread "http-nio-9006-exec-1" daemon [_thread_blocked, id=32376, stack(0x0000000029270000,0x0000000029370000)]
  0x0000000026892800 JavaThread "pool-7-thread-1" [_thread_blocked, id=21168, stack(0x0000000029170000,0x0000000029270000)]
  0x0000000026892000 JavaThread "NioBlockingSelector.BlockPoller-1" daemon [_thread_in_native, id=1124, stack(0x0000000029070000,0x0000000029170000)]
  0x0000000026897000 JavaThread "Curator-PathChildrenCache-0" daemon [_thread_blocked, id=32004, stack(0x0000000028470000,0x0000000028570000)]
  0x0000000026896800 JavaThread "Curator-Framework-0" daemon [_thread_blocked, id=31692, stack(0x0000000028370000,0x0000000028470000)]
  0x0000000023444000 JavaThread "main-EventThread" daemon [_thread_blocked, id=29028, stack(0x0000000028270000,0x0000000028370000)]
  0x0000000023442800 JavaThread "main-SendThread(192.168.113.50:2181)" daemon [_thread_in_native, id=25956, stack(0x0000000028170000,0x0000000028270000)]
  0x0000000023443000 JavaThread "Curator-ConnectionStateManager-0" daemon [_thread_blocked, id=30028, stack(0x0000000028070000,0x0000000028170000)]
  0x0000000023441800 JavaThread "main-EventThread" daemon [_thread_blocked, id=16236, stack(0x0000000027b70000,0x0000000027c70000)]
  0x0000000023446000 JavaThread "main-SendThread(192.168.113.50:2181)" daemon [_thread_in_native, id=24692, stack(0x0000000027a70000,0x0000000027b70000)]
  0x0000000023445800 JavaThread "HikariPool-1 housekeeper" daemon [_thread_blocked, id=29752, stack(0x0000000025ea0000,0x0000000025fa0000)]
  0x0000000023447800 JavaThread "container-0" [_thread_blocked, id=31536, stack(0x0000000025ba0000,0x0000000025ca0000)]
  0x0000000023447000 JavaThread "ContainerBackgroundProcessor[StandardEngine[Tomcat]]" daemon [_thread_blocked, id=21808, stack(0x0000000025aa0000,0x0000000025ba0000)]
  0x000000002326d000 JavaThread "SimplePauseDetectorThread_0" daemon [_thread_blocked, id=23384, stack(0x00000000257a0000,0x00000000258a0000)]
  0x0000000023232000 JavaThread "Thread-9" daemon [_thread_blocked, id=31156, stack(0x00000000254a0000,0x00000000255a0000)]
  0x0000000023182000 JavaThread "Abandoned connection cleanup thread" daemon [_thread_blocked, id=6980, stack(0x00000000253a0000,0x00000000254a0000)]
  0x000000002157e000 JavaThread "CleanCursors-1-thread-1" daemon [_thread_blocked, id=23508, stack(0x00000000250a0000,0x00000000251a0000)]
  0x000000002157d800 JavaThread "cluster-ClusterId{value='5c782ed11131827620e18aa9', description='null'}-192.168.113.224:27017" daemon [_thread_blocked, id=22080, stack(0x0000000024ea0000,0x0000000024fa0000)]
  0x00000000214ec800 JavaThread "Statistics Thread-__DEFAULT__-1" daemon [_thread_blocked, id=3216, stack(0x00000000249a0000,0x0000000024aa0000)]
  0x00000000217da000 JavaThread "__DEFAULT__" daemon [_thread_blocked, id=17876, stack(0x00000000248a0000,0x00000000249a0000)]
  0x00000000206ac800 JavaThread "RMI TCP Accept-0" daemon [_thread_in_native, id=30448, stack(0x00000000208d0000,0x00000000209d0000)]
  0x00000000205b7000 JavaThread "RMI TCP Accept-56889" daemon [_thread_in_native, id=21096, stack(0x00000000207d0000,0x00000000208d0000)]
  0x00000000205fd800 JavaThread "RMI TCP Accept-0" daemon [_thread_in_native, id=30960, stack(0x00000000206d0000,0x00000000207d0000)]
  0x000000001ebab800 JavaThread "Service Thread" daemon [_thread_blocked, id=31956, stack(0x000000001fdd0000,0x000000001fed0000)]
  0x000000001eb11000 JavaThread "C1 CompilerThread3" daemon [_thread_blocked, id=27040, stack(0x000000001fcd0000,0x000000001fdd0000)]
  0x000000001eb0f000 JavaThread "C2 CompilerThread2" daemon [_thread_blocked, id=29964, stack(0x000000001fbd0000,0x000000001fcd0000)]
  0x000000001eb0e800 JavaThread "C2 CompilerThread1" daemon [_thread_blocked, id=3424, stack(0x000000001f9d0000,0x000000001fad0000)]
  0x000000001eb04800 JavaThread "C2 CompilerThread0" daemon [_thread_blocked, id=28084, stack(0x000000001f8d0000,0x000000001f9d0000)]
  0x000000001eaf6800 JavaThread "JDWP Command Reader" daemon [_thread_in_native, id=30296, stack(0x000000001f7d0000,0x000000001f8d0000)]
  0x000000001eaf3800 JavaThread "JDWP Event Helper Thread" daemon [_thread_blocked, id=20784, stack(0x000000001f6d0000,0x000000001f7d0000)]
=>0x000000001eaf1800 JavaThread "JDWP Transport Listener: dt_socket" daemon [_thread_in_vm, id=18296, stack(0x000000001f5d0000,0x000000001f6d0000)]
  0x000000001ead6000 JavaThread "Attach Listener" daemon [_thread_blocked, id=21616, stack(0x000000001f190000,0x000000001f290000)]
  0x000000001ead4000 JavaThread "Signal Dispatcher" daemon [_thread_blocked, id=18876, stack(0x000000001f090000,0x000000001f190000)]
  0x000000001cac8000 JavaThread "Finalizer" daemon [_thread_blocked, id=12320, stack(0x000000001eea0000,0x000000001efa0000)]
  0x000000001cac1000 JavaThread "Reference Handler" daemon [_thread_blocked, id=2580, stack(0x000000001e9a0000,0x000000001eaa0000)]

Other Threads:
  0x000000001cab8800 VMThread [stack: 0x000000001e8a0000,0x000000001e9a0000] [id=32392]
  0x00000000206af800 WatcherThread [stack: 0x00000000209d0000,0x0000000020ad0000] [id=9068]

VM state:not at safepoint (normal execution)

VM Mutex/Monitor currently owned by a thread: None

Heap:
 PSYoungGen      total 692224K, used 227813K [0x000000076db00000, 0x000000079ac00000, 0x00000007c0000000)
  eden space 672256K, 30% used [0x000000076db00000,0x000000077a662aa0,0x0000000796b80000)
  from space 19968K, 97% used [0x0000000799880000,0x000000079ab969c8,0x000000079ac00000)
  to   space 27648K, 0% used [0x0000000797600000,0x0000000797600000,0x0000000799100000)
 ParOldGen       total 185344K, used 39769K [0x00000006c9000000, 0x00000006d4500000, 0x000000076db00000)
  object space 185344K, 21% used [0x00000006c9000000,0x00000006cb6d6600,0x00000006d4500000)
 Metaspace       used 77410K, capacity 81105K, committed 81408K, reserved 1120256K
  class space    used 10590K, capacity 11246K, committed 11264K, reserved 1048576K

Card table byte_map: [0x0000000012850000,0x0000000013010000] byte_map_base: 0x000000000f208000

Marking Bits: (ParMarkBitMap*) 0x000000006a662f70
 Begin Bits: [0x0000000013d40000, 0x0000000017b00000)
 End Bits:   [0x0000000017b00000, 0x000000001b8c0000)

Polling page: 0x0000000000b80000

CodeCache: size=245760Kb used=14697Kb max_used=14697Kb free=231062Kb
 bounds [0x0000000003490000, 0x00000000042f0000, 0x0000000012490000]
 total_blobs=8034 nmethods=7316 adapters=637
 compilation: enabled

Compilation events (10 events):
Event: 561.548 Thread 0x000000001eb11000 7493   !   1       org.apache.zookeeper.ClientCnxn::queuePacket (132 bytes)
Event: 561.549 Thread 0x000000001eb11000 nmethod 7493 0x00000000042e4c90 code [0x00000000042e4e40, 0x00000000042e5518]
Event: 561.549 Thread 0x000000001eb11000 7494       1       org.apache.zookeeper.ClientCnxn$Packet::<init> (13 bytes)
Event: 561.549 Thread 0x000000001eb11000 nmethod 7494 0x00000000042e59d0 code [0x00000000042e5b20, 0x00000000042e5ca8]
Event: 561.549 Thread 0x000000001eb11000 7495       1       org.apache.zookeeper.proto.RequestHeader::serialize (41 bytes)
Event: 561.549 Thread 0x000000001eb11000 nmethod 7495 0x00000000042e5d50 code [0x00000000042e5ec0, 0x00000000042e6138]
Event: 561.594 Thread 0x000000001eb11000 7496   !   1       org.apache.zookeeper.ClientCnxn$SendThread::readResponse (907 bytes)
Event: 561.598 Thread 0x000000001eb11000 nmethod 7496 0x00000000042e62d0 code [0x00000000042e6a00, 0x00000000042e9358]
Event: 561.598 Thread 0x000000001eb11000 7497       1       org.apache.zookeeper.proto.ReplyHeader::deserialize (51 bytes)
Event: 561.598 Thread 0x000000001eb11000 nmethod 7497 0x00000000042ec710 code [0x00000000042ec8a0, 0x00000000042ecb68]

GC Heap History (10 events):
Event: 13.898 GC heap before
{Heap before GC invocations=11 (full 2):
 PSYoungGen      total 446976K, used 436736K [0x000000076db00000, 0x000000078bb00000, 0x00000007c0000000)
  eden space 436736K, 100% used [0x000000076db00000,0x0000000788580000,0x0000000788580000)
  from space 10240K, 0% used [0x0000000789400000,0x0000000789400000,0x0000000789e00000)
  to   space 14848K, 0% used [0x0000000788580000,0x0000000788580000,0x0000000789400000)
 ParOldGen       total 130048K, used 23270K [0x00000006c9000000, 0x00000006d0f00000, 0x000000076db00000)
  object space 130048K, 17% used [0x00000006c9000000,0x00000006ca6b9ad0,0x00000006d0f00000)
 Metaspace       used 47718K, capacity 49597K, committed 49920K, reserved 1091584K
  class space    used 6414K, capacity 6792K, committed 6912K, reserved 1048576K
Event: 13.915 GC heap after
Heap after GC invocations=11 (full 2):
 PSYoungGen      total 451584K, used 14838K [0x000000076db00000, 0x0000000793000000, 0x00000007c0000000)
  eden space 436736K, 0% used [0x000000076db00000,0x000000076db00000,0x0000000788580000)
  from space 14848K, 99% used [0x0000000788580000,0x00000007893fda78,0x0000000789400000)
  to   space 19968K, 0% used [0x0000000791c80000,0x0000000791c80000,0x0000000793000000)
 ParOldGen       total 130048K, used 30820K [0x00000006c9000000, 0x00000006d0f00000, 0x000000076db00000)
  object space 130048K, 23% used [0x00000006c9000000,0x00000006cae192e0,0x00000006d0f00000)
 Metaspace       used 47718K, capacity 49597K, committed 49920K, reserved 1091584K
  class space    used 6414K, capacity 6792K, committed 6912K, reserved 1048576K
}
Event: 15.355 GC heap before
{Heap before GC invocations=12 (full 2):
 PSYoungGen      total 451584K, used 253988K [0x000000076db00000, 0x0000000793000000, 0x00000007c0000000)
  eden space 436736K, 54% used [0x000000076db00000,0x000000077c48b658,0x0000000788580000)
  from space 14848K, 99% used [0x0000000788580000,0x00000007893fda78,0x0000000789400000)
  to   space 19968K, 0% used [0x0000000791c80000,0x0000000791c80000,0x0000000793000000)
 ParOldGen       total 130048K, used 30820K [0x00000006c9000000, 0x00000006d0f00000, 0x000000076db00000)
  object space 130048K, 23% used [0x00000006c9000000,0x00000006cae192e0,0x00000006d0f00000)
 Metaspace       used 56704K, capacity 58987K, committed 59136K, reserved 1099776K
  class space    used 7706K, capacity 8149K, committed 8192K, reserved 1048576K
Event: 15.371 GC heap after
Heap after GC invocations=12 (full 2):
 PSYoungGen      total 584704K, used 19967K [0x000000076db00000, 0x0000000793180000, 0x00000007c0000000)
  eden space 564736K, 0% used [0x000000076db00000,0x000000076db00000,0x0000000790280000)
  from space 19968K, 99% used [0x0000000791c80000,0x0000000792fffed8,0x0000000793000000)
  to   space 24064K, 0% used [0x0000000790280000,0x0000000790280000,0x0000000791a00000)
 ParOldGen       total 130048K, used 34355K [0x00000006c9000000, 0x00000006d0f00000, 0x000000076db00000)
  object space 130048K, 26% used [0x00000006c9000000,0x00000006cb18cd38,0x00000006d0f00000)
 Metaspace       used 56704K, capacity 58987K, committed 59136K, reserved 1099776K
  class space    used 7706K, capacity 8149K, committed 8192K, reserved 1048576K
}
Event: 15.371 GC heap before
{Heap before GC invocations=13 (full 3):
 PSYoungGen      total 584704K, used 19967K [0x000000076db00000, 0x0000000793180000, 0x00000007c0000000)
  eden space 564736K, 0% used [0x000000076db00000,0x000000076db00000,0x0000000790280000)
  from space 19968K, 99% used [0x0000000791c80000,0x0000000792fffed8,0x0000000793000000)
  to   space 24064K, 0% used [0x0000000790280000,0x0000000790280000,0x0000000791a00000)
 ParOldGen       total 130048K, used 34355K [0x00000006c9000000, 0x00000006d0f00000, 0x000000076db00000)
  object space 130048K, 26% used [0x00000006c9000000,0x00000006cb18cd38,0x00000006d0f00000)
 Metaspace       used 56704K, capacity 58987K, committed 59136K, reserved 1099776K
  class space    used 7706K, capacity 8149K, committed 8192K, reserved 1048576K
Event: 15.568 GC heap after
Heap after GC invocations=13 (full 3):
 PSYoungGen      total 584704K, used 0K [0x000000076db00000, 0x0000000793180000, 0x00000007c0000000)
  eden space 564736K, 0% used [0x000000076db00000,0x000000076db00000,0x0000000790280000)
  from space 19968K, 0% used [0x0000000791c80000,0x0000000791c80000,0x0000000793000000)
  to   space 24064K, 0% used [0x0000000790280000,0x0000000790280000,0x0000000791a00000)
 ParOldGen       total 185344K, used 39753K [0x00000006c9000000, 0x00000006d4500000, 0x000000076db00000)
  object space 185344K, 21% used [0x00000006c9000000,0x00000006cb6d2600,0x00000006d4500000)
 Metaspace       used 56704K, capacity 58987K, committed 59136K, reserved 1099776K
  class space    used 7706K, capacity 8149K, committed 8192K, reserved 1048576K
}
Event: 19.663 GC heap before
{Heap before GC invocations=14 (full 3):
 PSYoungGen      total 584704K, used 564736K [0x000000076db00000, 0x0000000793180000, 0x00000007c0000000)
  eden space 564736K, 100% used [0x000000076db00000,0x0000000790280000,0x0000000790280000)
  from space 19968K, 0% used [0x0000000791c80000,0x0000000791c80000,0x0000000793000000)
  to   space 24064K, 0% used [0x0000000790280000,0x0000000790280000,0x0000000791a00000)
 ParOldGen       total 185344K, used 39753K [0x00000006c9000000, 0x00000006d4500000, 0x000000076db00000)
  object space 185344K, 21% used [0x00000006c9000000,0x00000006cb6d2600,0x00000006d4500000)
 Metaspace       used 69387K, capacity 72621K, committed 72832K, reserved 1112064K
  class space    used 9505K, capacity 10098K, committed 10112K, reserved 1048576K
Event: 19.697 GC heap after
Heap after GC invocations=14 (full 3):
 PSYoungGen      total 588800K, used 21747K [0x000000076db00000, 0x000000079b280000, 0x00000007c0000000)
  eden space 564736K, 0% used [0x000000076db00000,0x000000076db00000,0x0000000790280000)
  from space 24064K, 90% used [0x0000000790280000,0x00000007917bccb0,0x0000000791a00000)
  to   space 26624K, 0% used [0x0000000799880000,0x0000000799880000,0x000000079b280000)
 ParOldGen       total 185344K, used 39761K [0x00000006c9000000, 0x00000006d4500000, 0x000000076db00000)
  object space 185344K, 21% used [0x00000006c9000000,0x00000006cb6d4600,0x00000006d4500000)
 Metaspace       used 69387K, capacity 72621K, committed 72832K, reserved 1112064K
  class space    used 9505K, capacity 10098K, committed 10112K, reserved 1048576K
}
Event: 37.756 GC heap before
{Heap before GC invocations=15 (full 3):
 PSYoungGen      total 588800K, used 586483K [0x000000076db00000, 0x000000079b280000, 0x00000007c0000000)
  eden space 564736K, 100% used [0x000000076db00000,0x0000000790280000,0x0000000790280000)
  from space 24064K, 90% used [0x0000000790280000,0x00000007917bccb0,0x0000000791a00000)
  to   space 26624K, 0% used [0x0000000799880000,0x0000000799880000,0x000000079b280000)
 ParOldGen       total 185344K, used 39761K [0x00000006c9000000, 0x00000006d4500000, 0x000000076db00000)
  object space 185344K, 21% used [0x00000006c9000000,0x00000006cb6d4600,0x00000006d4500000)
 Metaspace       used 77076K, capacity 80765K, committed 80896K, reserved 1118208K
  class space    used 10541K, capacity 11178K, committed 11264K, reserved 1048576K
Event: 37.778 GC heap after
Heap after GC invocations=15 (full 3):
 PSYoungGen      total 692224K, used 19546K [0x000000076db00000, 0x000000079ac00000, 0x00000007c0000000)
  eden space 672256K, 0% used [0x000000076db00000,0x000000076db00000,0x0000000796b80000)
  from space 19968K, 97% used [0x0000000799880000,0x000000079ab969c8,0x000000079ac00000)
  to   space 27648K, 0% used [0x0000000797600000,0x0000000797600000,0x0000000799100000)
 ParOldGen       total 185344K, used 39769K [0x00000006c9000000, 0x00000006d4500000, 0x000000076db00000)
  object space 185344K, 21% used [0x00000006c9000000,0x00000006cb6d6600,0x00000006d4500000)
 Metaspace       used 77076K, capacity 80765K, committed 80896K, reserved 1118208K
  class space    used 10541K, capacity 11178K, committed 11264K, reserved 1048576K
}

Deoptimization events (0 events):
No events

Internal exceptions (10 events):
Event: 37.334 Thread 0x0000000026a8b000 Exception <a 'java/lang/ArrayIndexOutOfBoundsException'> (0x000000077c252f78) thrown at [C:\re\workspace\8-2-build-windows-amd64-cygwin\jdk8u91\7017\hotspot\src\share\vm\runtime\sharedRuntime.cpp, line 605]
Event: 37.336 Thread 0x0000000026a8b000 Exception <a 'java/lang/ArrayIndexOutOfBoundsException'> (0x000000077c25d950) thrown at [C:\re\workspace\8-2-build-windows-amd64-cygwin\jdk8u91\7017\hotspot\src\share\vm\runtime\sharedRuntime.cpp, line 605]
Event: 37.336 Thread 0x0000000026a8b000 Exception <a 'java/lang/ArrayIndexOutOfBoundsException'> (0x000000077c261b38) thrown at [C:\re\workspace\8-2-build-windows-amd64-cygwin\jdk8u91\7017\hotspot\src\share\vm\runtime\sharedRuntime.cpp, line 605]
Event: 37.337 Thread 0x0000000026a8b000 Exception <a 'java/lang/ArrayIndexOutOfBoundsException'> (0x000000077c26cb20) thrown at [C:\re\workspace\8-2-build-windows-amd64-cygwin\jdk8u91\7017\hotspot\src\share\vm\runtime\sharedRuntime.cpp, line 605]
Event: 37.338 Thread 0x0000000026a8b000 Exception <a 'java/lang/ArrayIndexOutOfBoundsException'> (0x000000077c28ab78) thrown at [C:\re\workspace\8-2-build-windows-amd64-cygwin\jdk8u91\7017\hotspot\src\share\vm\runtime\sharedRuntime.cpp, line 605]
Event: 37.339 Thread 0x0000000026a8b000 Exception <a 'java/lang/ArrayIndexOutOfBoundsException'> (0x000000077c297558) thrown at [C:\re\workspace\8-2-build-windows-amd64-cygwin\jdk8u91\7017\hotspot\src\share\vm\runtime\sharedRuntime.cpp, line 605]
Event: 37.339 Thread 0x0000000026a8b000 Exception <a 'java/lang/ArrayIndexOutOfBoundsException'> (0x000000077c2a04d0) thrown at [C:\re\workspace\8-2-build-windows-amd64-cygwin\jdk8u91\7017\hotspot\src\share\vm\runtime\sharedRuntime.cpp, line 605]
Event: 37.457 Thread 0x0000000026a8b000 Exception <a 'java/lang/ClassNotFoundException': java/lang/ObjectCustomizer> (0x000000077c8d7858) thrown at [C:\re\workspace\8-2-build-windows-amd64-cygwin\jdk8u91\7017\hotspot\src\share\vm\classfile\systemDictionary.cpp, line 210]
Event: 37.459 Thread 0x0000000026a8b000 Exception <a 'java/lang/ClassNotFoundException': com/yodlee/iae/health/repository/AgentMetadataRepository$AgentNameCustomizer> (0x000000077c92f050) thrown at [C:\re\workspace\8-2-build-windows-amd64-cygwin\jdk8u91\7017\hotspot\src\share\vm\classfile\system∫_èDª}@
Event: 464.858 Thread 0x0000000026894000 Exception <a 'java/lang/reflect/InvocationTargetException'> (0x000000077671c8c8) thrown at [C:\re\workspace\8-2-build-windows-amd64-cygwin\jdk8u91\7017\hotspot\src\share\vm\runtime\reflection.cpp, line 1092]

Events (10 events):
Event: 560.815 Thread 0x0000000026a86800 DEOPT PACKING pc=0x00000000036885d1 sp=0x000000002b26d600
Event: 560.815 Thread 0x0000000026a86800 DEOPT UNPACKING pc=0x00000000034d787f sp=0x000000002b26d350 mode 1
Event: 560.815 Thread 0x0000000026a86800 DEOPT PACKING pc=0x0000000003efc9c4 sp=0x000000002b26d680
Event: 560.815 Thread 0x0000000026a86800 DEOPT UNPACKING pc=0x00000000034d787f sp=0x000000002b26d4a0 mode 1
Event: 560.815 Thread 0x0000000026a86800 DEOPT PACKING pc=0x0000000003efc90c sp=0x000000002b26d810
Event: 560.815 Thread 0x0000000026a86800 DEOPT UNPACKING pc=0x00000000034d787f sp=0x000000002b26d630 mode 1
Event: 560.816 loading class java/util/ArrayDeque$DescendingIterator
Event: 560.816 loading class java/util/ArrayDeque$DescendingIterator done
Event: 573.241 Executing VM operation: RedefineClasses
Event: 573.277 Executing VM operation: RedefineClasses done


Dynamic libraries:
0x00007ff6353d0000 - 0x00007ff635407000 	C:\Program Files\Java\jdk1.8.0_91\bin\javaw.exe
0x00007fff1b460000 - 0x00007fff1b632000 	C:\WINDOWS\SYSTEM32\ntdll.dll
0x00007fff19dc0000 - 0x00007fff19e6c000 	C:\WINDOWS\System32\KERNEL32.DLL
0x00007fff17ea0000 - 0x00007fff180bd000 	C:\WINDOWS\System32\KERNELBASE.dll
0x00007fff19880000 - 0x00007fff19922000 	C:\WINDOWS\System32\ADVAPI32.dll
0x00007fff189f0000 - 0x00007fff18a8e000 	C:\WINDOWS\System32\msvcrt.dll
0x00007fff19820000 - 0x00007fff19879000 	C:\WINDOWS\System32\sechost.dll
0x00007fff19ba0000 - 0x00007fff19cc1000 	C:\WINDOWS\System32\RPCRT4.dll
0x00007fff19930000 - 0x00007fff19a95000 	C:\WINDOWS\System32\USER32.dll
0x00007fff17e10000 - 0x00007fff17e2e000 	C:\WINDOWS\System32\win32u.dll
0x00007fff197e0000 - 0x00007fff19814000 	C:\WINDOWS\System32\GDI32.dll
0x00007fff17a10000 - 0x00007fff17b90000 	C:\WINDOWS\System32\gdi32full.dll
0x00007fff168f0000 - 0x00007fff16b6a000 	C:\WINDOWS\WinSxS\amd64_microsoft.windows.common-controls_6595b64144ccf1df_6.0.14393.953_none_42151e83c686086b\COMCTL32.dll
0x00007fff18e70000 - 0x00007fff19138000 	C:\WINDOWS\System32\combase.dll
0x00007fff180c0000 - 0x00007fff181b5000 	C:\WINDOWS\System32\ucrtbase.dll
0x00007fff17e30000 - 0x00007fff17e9a000 	C:\WINDOWS\System32\bcryptPrimitives.dll
0x00007fff19d90000 - 0x00007fff19dbe000 	C:\WINDOWS\System32\IMM32.DLL
0x00007ffedf550000 - 0x00007ffedfbe5000 	C:\Program Files\McAfee\DLP\Agent\fcagpph64.dll
0x00007fff19f50000 - 0x00007fff1b459000 	C:\WINDOWS\System32\SHELL32.dll
0x00007fff179c0000 - 0x00007fff17a02000 	C:\WINDOWS\System32\cfgmgr32.dll
0x00007fff18310000 - 0x00007fff189e9000 	C:\WINDOWS\System32\windows.storage.dll
0x00007fff17910000 - 0x00007fff1795c000 	C:\WINDOWS\System32\powrprof.dll
0x00007fff19140000 - 0x00007fff19192000 	C:\WINDOWS\System32\shlwapi.dll
0x00007fff17900000 - 0x00007fff1790f000 	C:\WINDOWS\System32\kernel.appcore.dll
0x00007fff181c0000 - 0x00007fff18269000 	C:\WINDOWS\System32\shcore.dll
0x00007fff178d0000 - 0x00007fff178e4000 	C:\WINDOWS\System32\profapi.dll
0x00007fff191a0000 - 0x00007fff192d8000 	C:\WINDOWS\System32\ole32.dll
0x00007fff18e60000 - 0x00007fff18e68000 	C:\WINDOWS\System32\PSAPI.DLL
0x00007fff19cd0000 - 0x00007fff19d8f000 	C:\WINDOWS\System32\OLEAUT32.dll
0x00007fff18270000 - 0x00007fff1830c000 	C:\WINDOWS\System32\msvcp_win.dll
0x00007fff12f20000 - 0x00007fff12fa6000 	C:\WINDOWS\SYSTEM32\WINSPOOL.DRV
0x00007fff0e1d0000 - 0x00007fff0e1da000 	C:\WINDOWS\SYSTEM32\VERSION.dll
0x00007fff174b0000 - 0x00007fff174db000 	C:\WINDOWS\SYSTEM32\bcrypt.dll
0x00007fff162f0000 - 0x00007fff16322000 	C:\WINDOWS\SYSTEM32\ntmarta.dll
0x00007ffedcdb0000 - 0x00007ffedd222000 	C:\Program Files\McAfee\DLP\Agent\fcagafa64.dll
0x00007fff0cc50000 - 0x00007fff0ccfc000 	C:\WINDOWS\system32\tmumh\20019\AddOn\7.0.0.1160\TmUmEvt64.dll
0x000000006ec50000 - 0x000000006ed6d000 	C:\WINDOWS\system32\tmumh\20019\TmMon\2.5.0.2081\tmmon64.dll
0x000000006bd70000 - 0x000000006be42000 	C:\Program Files\Java\jdk1.8.0_91\jre\bin\msvcr100.dll
0x0000000069e50000 - 0x000000006a6e3000 	C:\Program Files\Java\jdk1.8.0_91\jre\bin\server\jvm.dll
0x00007fff03d10000 - 0x00007fff03d19000 	C:\WINDOWS\SYSTEM32\WSOCK32.dll
0x00007fff19770000 - 0x00007fff197da000 	C:\WINDOWS\System32\WS2_32.dll
0x00007fff15a30000 - 0x00007fff15a53000 	C:\WINDOWS\SYSTEM32\WINMM.dll
0x00007fff15a00000 - 0x00007fff15a2b000 	C:\WINDOWS\SYSTEM32\WINMMBASE.dll
0x0000000069e40000 - 0x0000000069e4f000 	C:\Program Files\Java\jdk1.8.0_91\jre\bin\verify.dll
0x0000000069e10000 - 0x0000000069e39000 	C:\Program Files\Java\jdk1.8.0_91\jre\bin\java.dll
0x000000006bd30000 - 0x000000006bd65000 	C:\Program Files\Java\jdk1.8.0_91\jre\bin\jdwp.dll
0x000000006bd20000 - 0x000000006bd28000 	C:\Program Files\Java\jdk1.8.0_91\jre\bin\npt.dll
0x0000000069dc0000 - 0x0000000069dd6000 	C:\Program Files\Java\jdk1.8.0_91\jre\bin\zip.dll
0x000000006bd10000 - 0x000000006bd19000 	C:\Program Files\Java\jdk1.8.0_91\jre\bin\dt_socket.dll
0x00007ffefd5a0000 - 0x00007ffefd5b6000 	C:\WINDOWS\system32\napinsp.dll
0x00007ffefd520000 - 0x00007ffefd53a000 	C:\WINDOWS\system32\pnrpnsp.dll
0x00007fff15740000 - 0x00007fff15758000 	C:\WINDOWS\system32\NLAapi.dll
0x00007fff17200000 - 0x00007fff1725c000 	C:\WINDOWS\System32\mswsock.dll
0x00007fff16fc0000 - 0x00007fff17061000 	C:\WINDOWS\SYSTEM32\DNSAPI.dll
0x0000000000ef0000 - 0x0000000000ef8000 	C:\WINDOWS\System32\NSI.dll
0x00007fff16f80000 - 0x00007fff16fb8000 	C:\WINDOWS\SYSTEM32\IPHLPAPI.DLL
0x00007ffeff850000 - 0x00007ffeff85e000 	C:\WINDOWS\System32\winrnr.dll
0x00007ffefd500000 - 0x00007ffefd515000 	C:\WINDOWS\System32\wshbth.dll
0x00007fff15640000 - 0x00007fff156aa000 	C:\WINDOWS\System32\fwpuclnt.dll
0x00007fff11650000 - 0x00007fff1165a000 	C:\Windows\System32\rasadhlp.dll
0x0000000069b90000 - 0x0000000069b9d000 	C:\Program Files\Java\jdk1.8.0_91\jre\bin\management.dll
0x0000000069da0000 - 0x0000000069dba000 	C:\Program Files\Java\jdk1.8.0_91\jre\bin\net.dll
0x0000000069d80000 - 0x0000000069d91000 	C:\Program Files\Java\jdk1.8.0_91\jre\bin\nio.dll
0x00007fff173a0000 - 0x00007fff173b7000 	C:\WINDOWS\SYSTEM32\CRYPTSP.dll
0x00007fff16e10000 - 0x00007fff16e43000 	C:\WINDOWS\system32\rsaenh.dll
0x00007fff17080000 - 0x00007fff1709f000 	C:\WINDOWS\SYSTEM32\USERENV.dll
0x00007fff173c0000 - 0x00007fff173cb000 	C:\WINDOWS\SYSTEM32\CRYPTBASE.dll
0x00007fff13910000 - 0x00007fff13926000 	C:\WINDOWS\SYSTEM32\dhcpcsvc6.DLL
0x00007fff138d0000 - 0x00007fff138ea000 	C:\WINDOWS\SYSTEM32\dhcpcsvc.DLL
0x0000000069ba0000 - 0x0000000069bc4000 	C:\Program Files\Java\jdk1.8.0_91\jre\bin\sunec.dll
0x00007fff07b40000 - 0x00007fff07cd2000 	C:\WINDOWS\SYSTEM32\dbghelp.dll

VM Arguments:
jvm_args: -agentlib:jdwp=transport=dt_socket,suspend=y,address=localhost:56890 -Dcom.sun.management.jmxremote -Dcom.sun.management.jmxremote.port=56889 -Dcom.sun.management.jmxremote.authenticate=false -Dcom.sun.management.jmxremote.ssl=false -Djava.rmi.server.hostname=localhost -Dspring.liveBeansView.mbeanDomain -Dspring.application.admin.enabled=true -Xverify:none -XX:TieredStopAtLevel=1 -Dfile.encoding=UTF-8 
java_command: com.yodlee.health.errorsegment.app.RtdaApp --spring.output.ansi.enabled=always
java_class_path (initial): C:\Program Files\Java\jdk1.8.0_91\jre\lib\resources.jar;C:\Program Files\Java\jdk1.8.0_91\jre\lib\rt.jar;C:\Program Files\Java\jdk1.8.0_91\jre\lib\jsse.jar;C:\Program Files\Java\jdk1.8.0_91\jre\lib\jce.jar;C:\Program Files\Java\jdk1.8.0_91\jre\lib\charsets.jar;C:\Program Files\Java\jdk1.8.0_91\jre\lib\jfr.jar;C:\Program Files\Java\jdk1.8.0_91\jre\lib\ext\access-bridge-64.jar;C:\Program Files\Java\jdk1.8.0_91\jre\lib\ext\cldrdata.jar;C:\Program Files\Java\jdk1.8.0_91\jre\lib\ext\dnsns.jar;C:\Program Files\Java\jdk1.8.0_91\jre\lib\ext\jaccess.jar;C:\Program Files\Java\jdk1.8.0_91\jre\lib\ext\jfxrt.jar;C:\Program Files\Java\jdk1.8.0_91\jre\lib\ext\localedata.jar;C:\Program Files\Java\jdk1.8.0_91\jre\lib\ext\nashorn.jar;C:\Program Files\Java\jdk1.8.0_91\jre\lib\ext\ojdbc14.jar;C:\Program Files\Java\jdk1.8.0_91\jre\lib\ext\sunec.jar;C:\Program Files\Java\jdk1.8.0_91\jre\lib\ext\sunjce_provider.jar;C:\Program Files\Java\jdk1.8.0_91\jre\lib\ext\sunmscapi.jar;C:\Program Files\Java\jdk1.8.0_91\jre\lib\ext\sunpkcs11.jar;C:\Program Files\Java\jdk1.8.0_91\jre\lib\ext\zipfs.jar;D:\Perforce\razor\datachef\presr\development\Error-Segment-Beta-Prod\webapp\target\classes;C:\Users\akumar23\.m2\repository\com\thoughtworks\xstream\xstream\1.4.7\xstream-1.4.7.jar;C:\Users\akumar23\.m2\repository\xmlpull\xmlpull\1.1.3.1\xmlpull-1.1.3.1.jar;C:\Users\akumar23\.m2\repository\xpp3\xpp3_min\1.1.4c\xpp3_min-1.1.4c.jar;D:\Perforce\razor\datachef\presr\development\Error-Segment-Beta-Prod\rest-services\target\classes;D:\Perforce\razor\datachef\presr\development\Error-Segment-Beta-Prod\business-services\forecast-service\target\classes;D:\Perforce\razor\datachef\presr\development\Error-Segment-Beta-Prod\business-services\jnanalysis-service\target\classes;D:\Perforce\razor\datachef\presr\development\Error-Segment-Beta-Prod\business-services\error-segment-service\target\classes;C:\Users\akumar23\.m2\repository\commons-lang\commons-lang\2.6\commons-lang-2.6.jar;C:\Users\ak
Launcher Type: SUN_STANDARD

Environment Variables:
JRE_HOME=C:\Program Files\Java\jre1.8.0_91
PATH=C:\Program Files\Java\jdk1.8.0_91\jre\bin;C:/Program Files/Java/jdk1.8.0_91/bin/../jre/bin/server;C:/Program Files/Java/jdk1.8.0_91/bin/../jre/bin;C:/Program Files/Java/jdk1.8.0_91/bin/../jre/lib/amd64;C:\Program Files\Docker\Docker\Resources\bin;D:\apache-opennlp-1.8.2\bin;C:\Users\akumar23\Desktop\Tesseract-OCR;C:\Program Files (x86)\Tesseract-OCR;C:\Program Files\MongoDB\Server\3.5\bin;C:\Program Files\Java\jdk1.8.0_91\bin;C:\Users\akumar23\AppData\Local\Programs\Python\Python36-32;C:\Users\akumar23\Downloads\apache-maven-3.5.2\bin;C:\Users\akumar23\Downloads\wildfly-9.0.2.Final\bin;C:\Program Files (x86)\Graphviz2.38\bin;C:\Program Files\nodejs\;C:\Program Files\Apache Software Foundation\Tomcat 8.5\bin;C:\Program Files\Git\cmd;C:\WINDOWS\system32;C:\Users\akumar23\AppData\Local\Microsoft\WindowsApps;C:\Users\akumar23\AppData\Roaming\npm;C:\Users\akumar23\AppData\Local\Programs\Microsoft VS Code\bin;D:\sts-bundle\sts-3.9.1.RELEASE;
USERNAME=akumar23
OS=Windows_NT
PROCESSOR_IDENTIFIER=Intel64 Family 6 Model 94 Stepping 3, GenuineIntel



---------------  S Y S T E M  ---------------

OS: Windows 10.0 , 64 bit Build 14393 (10.0.14393.2189)

CPU:total 8 (4 cores per cpu, 2 threads per core) family 6 model 94 stepping 3, cmov, cx8, fxsr, mmx, sse, sse2, sse3, ssse3, sse4.1, sse4.2, popcnt, avx, avx2, aes, clmul, erms, rtm, 3dnowpref, lzcnt, ht, tsc, tscinvbit, bmi1, bmi2, adx

Memory: 4k page, physical 16183936k(4559040k free), swap 38204032k(14014548k free)

vm_info: Java HotSpot(TM) 64-Bit Server VM (25.91-b15) for windows-amd64 JRE (1.8.0_91-b15), built on May 20 2016 17:43:15 by "java_re" with MS VC++ 10.0 (VS2010)

time: Thu Feb 28 11:05:38 2019
elapsed time: 573 seconds (0d 0h 9m 33s)

